<?xml version="1.0" encoding="UTF-8"?>
<testsuite name="com.blog.BlogApplicationTests" tests="1" skipped="0" failures="0" errors="0" timestamp="2025-07-17T13:47:18.976Z" hostname="ip-172-26-0-198" time="0.837">
  <properties/>
  <testcase name="contextLoads()" classname="com.blog.BlogApplicationTests" time="0.837"/>
  <system-out><![CDATA[22:47:11.034 [Test worker] INFO org.springframework.test.context.support.AnnotationConfigContextLoaderUtils -- Could not detect default configuration classes for test class [com.blog.BlogApplicationTests]: BlogApplicationTests does not declare any static, non-private, non-final, nested classes annotated with @Configuration.
22:47:11.290 [Test worker] INFO org.springframework.boot.test.context.SpringBootTestContextBootstrapper -- Found @SpringBootConfiguration com.blog.BlogApplication for test class com.blog.BlogApplicationTests

  .   ____          _            __ _ _
 /\\ / ___'_ __ _ _(_)_ __  __ _ \ \ \ \
( ( )\___ | '_ | '_| | '_ \/ _` | \ \ \ \
 \\/  ___)| |_)| | | | | || (_| |  ) ) ) )
  '  |____| .__|_| |_|_| |_\__, | / / / /
 =========|_|==============|___/=/_/_/_/

 :: Spring Boot ::                (v3.5.3)

2025-07-17T22:47:12.138+09:00  INFO 7293 --- [blog] [    Test worker] com.blog.BlogApplicationTests            : Starting BlogApplicationTests using Java 17.0.15 with PID 7293 (started by root in /blog)
2025-07-17T22:47:12.143+09:00  INFO 7293 --- [blog] [    Test worker] com.blog.BlogApplicationTests            : No active profile set, falling back to 1 default profile: "default"
2025-07-17T22:47:14.128+09:00  INFO 7293 --- [blog] [    Test worker] .s.d.r.c.RepositoryConfigurationDelegate : Bootstrapping Spring Data JPA repositories in DEFAULT mode.
2025-07-17T22:47:14.161+09:00  INFO 7293 --- [blog] [    Test worker] .s.d.r.c.RepositoryConfigurationDelegate : Finished Spring Data repository scanning in 19 ms. Found 0 JPA repository interfaces.
2025-07-17T22:47:15.159+09:00  INFO 7293 --- [blog] [    Test worker] o.hibernate.jpa.internal.util.LogHelper  : HHH000204: Processing PersistenceUnitInfo [name: default]
2025-07-17T22:47:15.224+09:00  INFO 7293 --- [blog] [    Test worker] org.hibernate.Version                    : HHH000412: Hibernate ORM core version 6.6.18.Final
2025-07-17T22:47:15.274+09:00  INFO 7293 --- [blog] [    Test worker] o.h.c.internal.RegionFactoryInitiator    : HHH000026: Second-level cache disabled
2025-07-17T22:47:15.662+09:00  INFO 7293 --- [blog] [    Test worker] o.s.o.j.p.SpringPersistenceUnitInfo      : No LoadTimeWeaver setup: ignoring JPA class transformer
2025-07-17T22:47:15.703+09:00  INFO 7293 --- [blog] [    Test worker] com.zaxxer.hikari.HikariDataSource       : HikariPool-1 - Starting...
2025-07-17T22:47:15.711+09:00  WARN 7293 --- [blog] [    Test worker] c.zaxxer.hikari.util.DriverDataSource    : Registered driver with driverClassName=com.mysql.jdbc.Driver was not found, trying direct instantiation.
2025-07-17T22:47:15.930+09:00  INFO 7293 --- [blog] [    Test worker] com.zaxxer.hikari.pool.HikariPool        : HikariPool-1 - Added connection com.mysql.cj.jdbc.ConnectionImpl@4627dfda
2025-07-17T22:47:15.933+09:00  INFO 7293 --- [blog] [    Test worker] com.zaxxer.hikari.HikariDataSource       : HikariPool-1 - Start completed.
2025-07-17T22:47:16.039+09:00  INFO 7293 --- [blog] [    Test worker] org.hibernate.orm.connections.pooling    : HHH10001005: Database info:
	Database JDBC URL [Connecting through datasource 'HikariDataSource (HikariPool-1)']
	Database driver: undefined/unknown
	Database version: 8.0.42
	Autocommit mode: undefined/unknown
	Isolation level: undefined/unknown
	Minimum pool size: undefined/unknown
	Maximum pool size: undefined/unknown
2025-07-17T22:47:17.426+09:00  INFO 7293 --- [blog] [    Test worker] o.h.e.t.j.p.i.JtaPlatformInitiator       : HHH000489: No JTA platform available (set 'hibernate.transaction.jta.platform' to enable JTA platform integration)
2025-07-17T22:47:17.530+09:00  INFO 7293 --- [blog] [    Test worker] j.LocalContainerEntityManagerFactoryBean : Initialized JPA EntityManagerFactory for persistence unit 'default'
2025-07-17T22:47:18.015+09:00  WARN 7293 --- [blog] [    Test worker] JpaBaseConfiguration$JpaWebConfiguration : spring.jpa.open-in-view is enabled by default. Therefore, database queries may be performed during view rendering. Explicitly configure spring.jpa.open-in-view to disable this warning
2025-07-17T22:47:18.500+09:00  WARN 7293 --- [blog] [    Test worker] ion$DefaultTemplateResolverConfiguration : Cannot find template location: classPath:/templates/ (please add some templates, check your Thymeleaf configuration, or set spring.thymeleaf.check-template-location=false)
2025-07-17T22:47:18.949+09:00  INFO 7293 --- [blog] [    Test worker] com.blog.BlogApplicationTests            : Started BlogApplicationTests in 7.406 seconds (process running for 10.044)
]]></system-out>
  <system-err><![CDATA[Loading class `com.mysql.jdbc.Driver'. This is deprecated. The new driver class is `com.mysql.cj.jdbc.Driver'. The driver is automatically registered via the SPI and manual loading of the driver class is generally unnecessary.
]]></system-err>
</testsuite>
